GROUP,PACKAGE,CLASS,INSTRUCTION_MISSED,INSTRUCTION_COVERED,BRANCH_MISSED,BRANCH_COVERED,LINE_MISSED,LINE_COVERED,COMPLEXITY_MISSED,COMPLEXITY_COVERED,METHOD_MISSED,METHOD_COVERED
BookingMx Backend,com.bookingmx.reservations.repo,ReservationRepository,0,52,1,1,0,10,1,5,0,5
BookingMx Backend,com.bookingmx.reservations.controller,GlobalExceptionHandler,0,20,0,0,0,4,0,4,0,4
BookingMx Backend,com.bookingmx.reservations.controller,ReservationController,0,53,0,0,0,11,0,6,0,6
BookingMx Backend,com.bookingmx.reservations.exception,NotFoundException,0,4,0,0,0,1,0,1,0,1
BookingMx Backend,com.bookingmx.reservations.exception,ApiExceptionHandler,0,39,0,0,0,5,0,5,0,5
BookingMx Backend,com.bookingmx.reservations.exception,BadRequestException,0,4,0,0,0,1,0,1,0,1
BookingMx Backend,com.bookingmx.reservations.service,ReservationService,20,120,5,7,0,23,5,9,0,8
